生成启动时间为 2017/12/13 10:46:07。
     1>项目“d:\test\firstsdl\firstsdl\firstsdl.vcxproj”在节点 2 上(Build 个目标)。
     1>ClCompile:
         D:\Program Files\Microsoft Visual Studio 12.0\VC\bin\x86_amd64\CL.exe /c /Zi /nologo /W3 /WX- /sdl /O2 /Oi /GL /D WIN32 /D NDEBUG /D _CONSOLE /D _LIB /D _UNICODE /D UNICODE /Gm- /EHsc /MD /GS /Gy /fp:precise /Zc:wchar_t /Zc:forScope /Yu"stdafx.h" /Fp"x64\Release\firstsdl.pch" /Fo"x64\Release\\" /Fd"x64\Release\vc120.pdb" /Gd /TP /errorReport:prompt firstsdl.cpp
         firstsdl.cpp
     1>d:\test\firstsdl\firstsdl\include\libavutil\rational.h : warning C4819: 该文件包含不能在当前代码页(936)中表示的字符。请将该文件保存为 Unicode 格式以防止数据丢失
     1>firstsdl.cpp(265): warning C4244: “+=”: 从“double”转换到“int”，可能丢失数据
     1>firstsdl.cpp(266): warning C4244: “-=”: 从“double”转换到“int”，可能丢失数据
     1>firstsdl.cpp(278): warning C4244: “+=”: 从“double”转换到“int”，可能丢失数据
     1>firstsdl.cpp(279): warning C4244: “-=”: 从“double”转换到“int”，可能丢失数据
       Link:
         D:\Program Files\Microsoft Visual Studio 12.0\VC\bin\x86_amd64\link.exe /ERRORREPORT:PROMPT /OUT:"d:\test\firstsdl\x64\Release\firstsdl.exe" /INCREMENTAL:NO /NOLOGO sdl2.lib SDL2_image.lib sdl2_ttf.lib avformat.lib avcodec.lib swscale.lib swresample.lib avutil.lib kernel32.lib user32.lib gdi32.lib winspool.lib comdlg32.lib advapi32.lib shell32.lib ole32.lib oleaut32.lib uuid.lib odbc32.lib odbccp32.lib /MANIFEST /MANIFESTUAC:"level='asInvoker' uiAccess='false'" /manifest:embed /DEBUG /PDB:"d:\test\firstsdl\x64\Release\firstsdl.pdb" /SUBSYSTEM:CONSOLE /OPT:REF /OPT:ICF /LTCG /TLBID:1 /DYNAMICBASE /NXCOMPAT /IMPLIB:"d:\test\firstsdl\x64\Release\firstsdl.lib" /MACHINE:X64 x64\Release\firstsdl.obj
         x64\Release\Media.obj
         x64\Release\stdafx.obj
         正在生成代码
         已完成代码的生成
         firstsdl.vcxproj -> d:\test\firstsdl\x64\Release\firstsdl.exe
     1>已完成生成项目“d:\test\firstsdl\firstsdl\firstsdl.vcxproj”(Build 个目标)的操作。

生成成功。

已用时间 00:00:07.23
